Using pre-set license
Desktop is 3840 x 1080 @ 60 Hz

 COMMAND LINE ARGUMENTS:
Unity
-adb2
-batchMode
-noUpm
-name
AssetImportWorker0
-projectPath
/home/rogizord/unityProjects/githubProj/laser-defender/LaserDefender
-logFile
Logs/AssetImportWorker0.log
-srvPort
41469
Successfully changed project path to: /home/rogizord/unityProjects/githubProj/laser-defender/LaserDefender
/home/rogizord/unityProjects/githubProj/laser-defender/LaserDefender
Using Asset Import Pipeline V2.
Refreshing native plugins compatible for Editor in 53,30 ms, found 1 plugins.
Preloading 0 native plugins for Editor in 0,00 ms.
Initialize engine version: 2020.3.13f1 (71691879b7f5)
[Subsystems] Discovering subsystems at path /home/rogizord/Unity/Hub/Editor/2020.3.13f1/Editor/Data/Resources/UnitySubsystems
[Subsystems] Discovering subsystems at path /home/rogizord/unityProjects/githubProj/laser-defender/LaserDefender/Assets
GLX Extensions: GLX_ARB_create_context GLX_ARB_create_context_no_error GLX_ARB_create_context_profile GLX_ARB_create_context_robustness GLX_ARB_fbconfig_float GLX_ARB_framebuffer_sRGB GLX_ARB_get_proc_address GLX_ARB_multisample GLX_EXT_buffer_age GLX_EXT_create_context_es2_profile GLX_EXT_create_context_es_profile GLX_EXT_fbconfig_packed_float GLX_EXT_framebuffer_sRGB GLX_EXT_import_context GLX_EXT_texture_from_pixmap GLX_EXT_visual_info GLX_EXT_visual_rating GLX_INTEL_swap_event GLX_MESA_copy_sub_buffer GLX_MESA_query_renderer GLX_MESA_swap_control GLX_OML_swap_method GLX_OML_sync_control GLX_SGIS_multisample GLX_SGIX_fbconfig GLX_SGIX_pbuffer GLX_SGIX_visual_select_group GLX_SGI_make_current_read GLX_SGI_swap_control GLX_SGI_video_sync 
Renderer: AMD Radeon (TM) RX 460 Graphics (POLARIS11, DRM 3.35.0, 5.4.0-80-generic, LLVM 11.0.0)
Vendor:   X.Org
Version:  4.6 (Core Profile) Mesa 20.2.6
GLES:     0
 GL_AMD_conservative_depth GL_AMD_depth_clamp_separate GL_AMD_draw_buffers_blend GL_AMD_framebuffer_multisample_advanced GL_AMD_gpu_shader_int64 GL_AMD_multi_draw_indirect GL_AMD_performance_monitor GL_AMD_pinned_memory GL_AMD_query_buffer_object GL_AMD_seamless_cubemap_per_texture GL_AMD_shader_stencil_export GL_AMD_shader_trinary_minmax GL_AMD_texture_texture4 GL_AMD_vertex_shader_layer GL_AMD_vertex_shader_viewport_index GL_ANGLE_texture_compression_dxt3 GL_ANGLE_texture_compression_dxt5 GL_ARB_ES2_compatibility GL_ARB_ES3_1_compatibility GL_ARB_ES3_2_compatibility GL_ARB_ES3_compatibility GL_ARB_arrays_of_arrays GL_ARB_base_instance GL_ARB_bindless_texture GL_ARB_blend_func_extended GL_ARB_buffer_storage GL_ARB_clear_buffer_object GL_ARB_clear_texture GL_ARB_clip_control GL_ARB_color_buffer_float GL_ARB_compressed_texture_pixel_storage GL_ARB_compute_shader GL_ARB_compute_variable_group_size GL_ARB_conditional_render_inverted GL_ARB_conservative_depth GL_ARB_copy_buffer GL_ARB_copy_image GL_ARB_cull_dist
ance GL_ARB_debug_output GL_ARB_depth_buffer_float GL_ARB_depth_clamp GL_ARB_derivative_control GL_ARB_direct_state_access GL_ARB_draw_buffers GL_ARB_draw_buffers_blend GL_ARB_draw_elements_base_vertex GL_ARB_draw_indirect GL_ARB_draw_instanced GL_ARB_enhanced_layouts GL_ARB_explicit_attrib_location GL_ARB_explicit_uniform_location GL_ARB_fragment_coord_conventions GL_ARB_fragment_layer_viewport GL_ARB_fragment_shader GL_ARB_framebuffer_no_attachments GL_ARB_framebuffer_object GL_ARB_framebuffer_sRGB GL_ARB_get_program_binary GL_ARB_get_texture_sub_image GL_ARB_gl_spirv GL_ARB_gpu_shader5 GL_ARB_gpu_shader_fp64 GL_ARB_gpu_shader_int64 GL_ARB_half_float_pixel GL_ARB_half_float_vertex GL_ARB_indirect_parameters GL_ARB_instanced_arrays GL_ARB_internalformat_query GL_ARB_internalformat_query2 GL_ARB_invalidate_subdata GL_ARB_map_buffer_alignment GL_ARB_map_buffer_range GL_ARB_multi_bind GL_ARB_multi_draw_indirect GL_ARB_occlusion_query2 GL_ARB_parallel_shader_compile GL_ARB_pipeline_statistics_query GL_ARB_pixel
_buffer_object GL_ARB_point_sprite GL_ARB_polygon_offset_clamp GL_ARB_program_interface_query GL_ARB_provoking_vertex GL_ARB_query_buffer_object GL_ARB_robust_buffer_access_behavior GL_ARB_robustness GL_ARB_sample_shading GL_ARB_sampler_objects GL_ARB_seamless_cube_map GL_ARB_seamless_cubemap_per_texture GL_ARB_separate_shader_objects GL_ARB_shader_atomic_counter_ops GL_ARB_shader_atomic_counters GL_ARB_shader_ballot GL_ARB_shader_bit_encoding GL_ARB_shader_clock GL_ARB_shader_draw_parameters GL_ARB_shader_group_vote GL_ARB_shader_image_load_store GL_ARB_shader_image_size GL_ARB_shader_objects GL_ARB_shader_precision GL_ARB_shader_stencil_export GL_ARB_shader_storage_buffer_object GL_ARB_shader_subroutine GL_ARB_shader_texture_image_samples GL_ARB_shader_texture_lod GL_ARB_shader_viewport_layer_array GL_ARB_shading_language_420pack GL_ARB_shading_language_include GL_ARB_shading_language_packing GL_ARB_sparse_buffer GL_ARB_spirv_extensions GL_ARB_stencil_texturing GL_ARB_sync GL_ARB_tessellation_shader GL_ARB
_texture_barrier GL_ARB_texture_buffer_object GL_ARB_texture_buffer_object_rgb32 GL_ARB_texture_buffer_range GL_ARB_texture_compression_bptc GL_ARB_texture_compression_rgtc GL_ARB_texture_cube_map_array GL_ARB_texture_filter_anisotropic GL_ARB_texture_float GL_ARB_texture_gather GL_ARB_texture_mirror_clamp_to_edge GL_ARB_texture_multisample GL_ARB_texture_non_power_of_two GL_ARB_texture_query_levels GL_ARB_texture_query_lod GL_ARB_texture_rectangle GL_ARB_texture_rg GL_ARB_texture_rgb10_a2ui GL_ARB_texture_stencil8 GL_ARB_texture_storage GL_ARB_texture_storage_multisample GL_ARB_texture_swizzle GL_ARB_texture_view GL_ARB_timer_query GL_ARB_transform_feedback2 GL_ARB_transform_feedback3 GL_ARB_transform_feedback_instanced GL_ARB_transform_feedback_overflow_query GL_ARB_uniform_buffer_object GL_ARB_vertex_array_bgra GL_ARB_vertex_array_object GL_ARB_vertex_attrib_64bit GL_ARB_vertex_attrib_binding GL_ARB_vertex_buffer_object GL_ARB_vertex_shader GL_ARB_vertex_type_10f_11f_11f_rev GL_ARB_vertex_type_2_10_10_10_
rev GL_ARB_viewport_array GL_ATI_blend_equation_separate GL_ATI_meminfo GL_ATI_texture_float GL_ATI_texture_mirror_once GL_EXT_EGL_image_storage GL_EXT_EGL_sync GL_EXT_abgr GL_EXT_blend_equation_separate GL_EXT_depth_bounds_test GL_EXT_draw_buffers2 GL_EXT_draw_instanced GL_EXT_framebuffer_blit GL_EXT_framebuffer_multisample GL_EXT_framebuffer_multisample_blit_scaled GL_EXT_framebuffer_object GL_EXT_framebuffer_sRGB GL_EXT_memory_object GL_EXT_memory_object_fd GL_EXT_packed_depth_stencil GL_EXT_packed_float GL_EXT_pixel_buffer_object GL_EXT_polygon_offset_clamp GL_EXT_provoking_vertex GL_EXT_semaphore GL_EXT_semaphore_fd GL_EXT_shader_image_load_formatted GL_EXT_shader_image_load_store GL_EXT_shader_integer_mix GL_EXT_shader_samples_identical GL_EXT_texture_array GL_EXT_texture_compression_dxt1 GL_EXT_texture_compression_rgtc GL_EXT_texture_compression_s3tc GL_EXT_texture_filter_anisotropic GL_EXT_texture_integer GL_EXT_texture_mirror_clamp GL_EXT_texture_sRGB GL_EXT_texture_sRGB_R8 GL_EXT_texture_sRGB_decod
e GL_EXT_texture_shadow_lod GL_EXT_texture_shared_exponent GL_EXT_texture_snorm GL_EXT_texture_swizzle GL_EXT_timer_query GL_EXT_transform_feedback GL_EXT_vertex_array_bgra GL_EXT_vertex_attrib_64bit GL_EXT_window_rectangles GL_IBM_multimode_draw_arrays GL_KHR_blend_equation_advanced GL_KHR_context_flush_control GL_KHR_debug GL_KHR_no_error GL_KHR_parallel_shader_compile GL_KHR_robust_buffer_access_behavior GL_KHR_robustness GL_KHR_texture_compression_astc_ldr GL_KHR_texture_compression_astc_sliced_3d GL_MESA_framebuffer_flip_y GL_MESA_pack_invert GL_MESA_shader_integer_functions GL_MESA_texture_signed_rgba GL_NVX_gpu_memory_info GL_NV_alpha_to_coverage_dither_control GL_NV_conditional_render GL_NV_copy_image GL_NV_depth_clamp GL_NV_packed_depth_stencil GL_NV_texture_barrier GL_NV_vdpau_interop GL_OES_EGL_image GL_S3_s3tc
OPENGL LOG: Creating OpenGL 4.6 graphics device ; Context level  <OpenGL 4.5> ; Context handle -356630256
Initialize mono
Mono path[0] = '/home/rogizord/Unity/Hub/Editor/2020.3.13f1/Editor/Data/Managed'
Mono path[1] = '/home/rogizord/Unity/Hub/Editor/2020.3.13f1/Editor/Data/MonoBleedingEdge/lib/mono/unityjit'
Mono config path = '/home/rogizord/Unity/Hub/Editor/2020.3.13f1/Editor/Data/MonoBleedingEdge/etc'
Using monoOptions --debugger-agent=transport=dt_socket,embedding=1,server=y,suspend=n,address=127.0.0.1:56957
Begin MonoManager ReloadAssembly
Registering precompiled unity dll's ...
Register platform support module: /home/rogizord/Unity/Hub/Editor/2020.3.13f1/Editor/Data/PlaybackEngines/WebGLSupport/UnityEditor.WebGL.Extensions.dll
Register platform support module: /home/rogizord/Unity/Hub/Editor/2020.3.13f1/Editor/Data/PlaybackEngines/LinuxStandaloneSupport/UnityEditor.LinuxStandalone.Extensions.dll
Registered in 0,001860 seconds.
Native extension for LinuxStandalone target not found
Native extension for WebGL target not found
Refreshing native plugins compatible for Editor in 55,18 ms, found 1 plugins.
Preloading 0 native plugins for Editor in 0,00 ms.
Mono: successfully reloaded assembly
- Completed reload, in  2,057 seconds
Platform modules already initialized, skipping
Registering precompiled user dll's ...
Registered in 0,003236 seconds.
Begin MonoManager ReloadAssembly
Native extension for LinuxStandalone target not found
Native extension for WebGL target not found
Refreshing native plugins compatible for Editor in 49,78 ms, found 1 plugins.
Preloading 0 native plugins for Editor in 0,00 ms.
Mono: successfully reloaded assembly
- Completed reload, in  1,260 seconds
Platform modules already initialized, skipping
========================================================================
Worker process is ready to serve import requests
Launched and connected shader compiler UnityShaderCompiler after 0.01 seconds
Refreshing native plugins compatible for Editor in 0,51 ms, found 1 plugins.
Preloading 0 native plugins for Editor in 0,00 ms.
Unloading 2123 Unused Serialized files (Serialized files now loaded: 0)
System memory in use before: 161,4 MB.
System memory in use after: 161,4 MB.

Unloading 33 unused Assets to reduce memory usage. Loaded Objects now: 2560.
Total: 4,028588 ms (FindLiveObjects: 0,334960 ms CreateObjectMapping: 0,107810 ms MarkObjects: 3,200283 ms  DeleteObjects: 0,383823 ms)

AssetImportParameters requested are different than current active one (requested -> active):
  custom:video-decoder-ogg-theora: a1e56fd34408186e4bbccfd4996cb3dc -> 
  custom:container-muxer-webm: aa71ff27fc2769a1b78a27578f13a17b -> 
  custom:container-demuxer-webm: 4f35f7cbe854078d1ac9338744f61a02 -> 
  custom:container-demuxer-ogg: 62fdf1f143b41e24485cea50d1cbac27 -> 
  custom:video-encoder-webm-vp8: eb34c28f22e8b96e1ab97ce403110664 -> 
  custom:video-decoder-webm-vp8: 9c59270c3fd7afecdb556c50c9e8de78 -> 
  custom:audio-decoder-ogg-vorbis: bf7c407c2cedff20999df2af8eb42d56 -> 
  custom:audio-encoder-webm-vorbis: bf7c407c2cedff20999df2af8eb42d56 -> 
========================================================================
Received Import Request.
  path: Assets/Prefabs/Powerups/healthUp 1.prefab
  artifactKey: Guid(7f733b3686915dce88edd517b7fe10c2) Importer(815301076,1909f56bfc062723c751e8b465ee728b)
Start importing Assets/Prefabs/Powerups/healthUp 1.prefab using Guid(7f733b3686915dce88edd517b7fe10c2) Importer(815301076,1909f56bfc062723c751e8b465ee728b)  -> (artifact id: 'a8b207805bc4b904a3ee90d5bd374ed2') in 0,087610 seconds 
  Import took 0,092320 seconds .

========================================================================
Received Import Request.
  Time since last request: 0,003411 seconds.
  path: Assets/Prefabs/Powerups/healthUp 1.prefab
  artifactKey: Guid(7f733b3686915dce88edd517b7fe10c2) Importer(815301076,1909f56bfc062723c751e8b465ee728b)
Start importing Assets/Prefabs/Powerups/healthUp 1.prefab using Guid(7f733b3686915dce88edd517b7fe10c2) Importer(815301076,1909f56bfc062723c751e8b465ee728b)  -> (artifact id: 'a8b207805bc4b904a3ee90d5bd374ed2') in 0,005578 seconds 
  Import took 0,009667 seconds .

========================================================================
Received Import Request.
  Time since last request: 10,846422 seconds.
  path: Assets/Prefabs/Powerups/DamageUp.prefab
  artifactKey: Guid(7f733b3686915dce88edd517b7fe10c2) Importer(815301076,1909f56bfc062723c751e8b465ee728b)
Start importing Assets/Prefabs/Powerups/DamageUp.prefab using Guid(7f733b3686915dce88edd517b7fe10c2) Importer(815301076,1909f56bfc062723c751e8b465ee728b)  -> (artifact id: '611799320a526b14604017fcc0603af1') in 0,006373 seconds 
  Import took 0,011084 seconds .

========================================================================
Received Import Request.
  Time since last request: 0,030472 seconds.
  path: Assets/Prefabs/Powerups/DamageUp.prefab
  artifactKey: Guid(7f733b3686915dce88edd517b7fe10c2) Importer(815301076,1909f56bfc062723c751e8b465ee728b)
Start importing Assets/Prefabs/Powerups/DamageUp.prefab using Guid(7f733b3686915dce88edd517b7fe10c2) Importer(815301076,1909f56bfc062723c751e8b465ee728b)  -> (artifact id: '611799320a526b14604017fcc0603af1') in 0,006648 seconds 
  Import took 0,013062 seconds .

========================================================================
Received Import Request.
  Time since last request: 3,568266 seconds.
  path: Assets/Prefabs/Powerups/DamageUp 1.prefab
  artifactKey: Guid(229d10182b6fc77a19bcabf7dd5ae8f0) Importer(815301076,1909f56bfc062723c751e8b465ee728b)
Start importing Assets/Prefabs/Powerups/DamageUp 1.prefab using Guid(229d10182b6fc77a19bcabf7dd5ae8f0) Importer(815301076,1909f56bfc062723c751e8b465ee728b)  -> (artifact id: '1f89a467c419fa96983510f3879b95a0') in 0,007061 seconds 
  Import took 0,011755 seconds .

========================================================================
Received Import Request.
  Time since last request: 0,035236 seconds.
  path: Assets/Prefabs/Powerups/DamageUp 1.prefab
  artifactKey: Guid(229d10182b6fc77a19bcabf7dd5ae8f0) Importer(815301076,1909f56bfc062723c751e8b465ee728b)
Start importing Assets/Prefabs/Powerups/DamageUp 1.prefab using Guid(229d10182b6fc77a19bcabf7dd5ae8f0) Importer(815301076,1909f56bfc062723c751e8b465ee728b)  -> (artifact id: '1f89a467c419fa96983510f3879b95a0') in 0,007077 seconds 
  Import took 0,011889 seconds .

========================================================================
Received Import Request.
  Time since last request: 4,994794 seconds.
  path: Assets/Prefabs/Powerups/DamageDown.prefab
  artifactKey: Guid(229d10182b6fc77a19bcabf7dd5ae8f0) Importer(815301076,1909f56bfc062723c751e8b465ee728b)
Start importing Assets/Prefabs/Powerups/DamageDown.prefab using Guid(229d10182b6fc77a19bcabf7dd5ae8f0) Importer(815301076,1909f56bfc062723c751e8b465ee728b)  -> (artifact id: 'c8efdb981500e08094c778b20700d541') in 0,006200 seconds 
  Import took 0,010743 seconds .

========================================================================
Received Import Request.
  Time since last request: 0,032113 seconds.
  path: Assets/Prefabs/Powerups/DamageDown.prefab
  artifactKey: Guid(229d10182b6fc77a19bcabf7dd5ae8f0) Importer(815301076,1909f56bfc062723c751e8b465ee728b)
Start importing Assets/Prefabs/Powerups/DamageDown.prefab using Guid(229d10182b6fc77a19bcabf7dd5ae8f0) Importer(815301076,1909f56bfc062723c751e8b465ee728b)  -> (artifact id: 'c8efdb981500e08094c778b20700d541') in 0,006165 seconds 
  Import took 0,010405 seconds .

========================================================================
Received Import Request.
  Time since last request: 7,161382 seconds.
  path: Assets/Zspaceshooter/PNG/Damage/playerShip3_damage1.png
  artifactKey: Guid(e714ed0cc060c4ea288abe31bc44452b) Importer(815301076,1909f56bfc062723c751e8b465ee728b)
Start importing Assets/Zspaceshooter/PNG/Damage/playerShip3_damage1.png using Guid(e714ed0cc060c4ea288abe31bc44452b) Importer(815301076,1909f56bfc062723c751e8b465ee728b)  -> (artifact id: '1f6daab9e2b091b330ec37977f6bd14d') in 0,023072 seconds 
  Import took 0,027515 seconds .

========================================================================
Received Import Request.
  Time since last request: 0,000159 seconds.
  path: Assets/Zspaceshooter/PNG/Damage/playerShip3_damage2.png
  artifactKey: Guid(e4633b0823c310e488624e0038846801) Importer(815301076,1909f56bfc062723c751e8b465ee728b)
Start importing Assets/Zspaceshooter/PNG/Damage/playerShip3_damage2.png using Guid(e4633b0823c310e488624e0038846801) Importer(815301076,1909f56bfc062723c751e8b465ee728b)  -> (artifact id: '5abb7de0b80e10e65afdad2aa1afd9e4') in 0,006736 seconds 
  Import took 0,010828 seconds .

========================================================================
Received Import Request.
  Time since last request: 0,000172 seconds.
  path: Assets/Zspaceshooter/PNG/Damage/playerShip3_damage3.png
  artifactKey: Guid(b9d0e990630493e4f99fecf65f66e2d4) Importer(815301076,1909f56bfc062723c751e8b465ee728b)
Start importing Assets/Zspaceshooter/PNG/Damage/playerShip3_damage3.png using Guid(b9d0e990630493e4f99fecf65f66e2d4) Importer(815301076,1909f56bfc062723c751e8b465ee728b)  -> (artifact id: '10f6d605a9447ad1b7e5e3f811348a35') in 0,005496 seconds 
  Import took 0,010326 seconds .

========================================================================
Received Import Request.
  Time since last request: 8,643393 seconds.
  path: Assets/Prefabs/Powerups/DamageDown.prefab
  artifactKey: Guid(229d10182b6fc77a19bcabf7dd5ae8f0) Importer(815301076,1909f56bfc062723c751e8b465ee728b)
Start importing Assets/Prefabs/Powerups/DamageDown.prefab using Guid(229d10182b6fc77a19bcabf7dd5ae8f0) Importer(815301076,1909f56bfc062723c751e8b465ee728b)  -> (artifact id: 'cd58f578eb6eb2b2e75d2fc8d93f1f5c') in 0,008050 seconds 
  Import took 0,012938 seconds .

========================================================================
Received Import Request.
  Time since last request: 35,059144 seconds.
  path: Assets/Prefabs/Powerups/DamageDown.prefab
  artifactKey: Guid(229d10182b6fc77a19bcabf7dd5ae8f0) Importer(815301076,1909f56bfc062723c751e8b465ee728b)
Start importing Assets/Prefabs/Powerups/DamageDown.prefab using Guid(229d10182b6fc77a19bcabf7dd5ae8f0) Importer(815301076,1909f56bfc062723c751e8b465ee728b)  -> (artifact id: '758cdde85af4f75eb78dd6982bdc68ce') in 0,005799 seconds 
  Import took 0,010311 seconds .

========================================================================
Received Import Request.
  Time since last request: 0,021358 seconds.
  path: Assets/Prefabs/Powerups/DamageDown.prefab
  artifactKey: Guid(229d10182b6fc77a19bcabf7dd5ae8f0) Importer(815301076,1909f56bfc062723c751e8b465ee728b)
Start importing Assets/Prefabs/Powerups/DamageDown.prefab using Guid(229d10182b6fc77a19bcabf7dd5ae8f0) Importer(815301076,1909f56bfc062723c751e8b465ee728b)  -> (artifact id: '758cdde85af4f75eb78dd6982bdc68ce') in 0,005814 seconds 
  Import took 0,010597 seconds .

========================================================================
Received Prepare
Registering precompiled user dll's ...
Registered in 0,003110 seconds.
Begin MonoManager ReloadAssembly
Native extension for LinuxStandalone target not found
Native extension for WebGL target not found
Refreshing native plugins compatible for Editor in 0,53 ms, found 1 plugins.
Preloading 0 native plugins for Editor in 0,00 ms.
Mono: successfully reloaded assembly
- Completed reload, in  1,143 seconds
Platform modules already initialized, skipping
Switching build target platform(24) subTarget(0) extendedPlatform(0) -> platform(13) subTarget(537395200) extendedPlatform(0)
Refreshing native plugins compatible for Editor in 0,52 ms, found 1 plugins.
Preloading 0 native plugins for Editor in 0,00 ms.
Unloading 2108 Unused Serialized files (Serialized files now loaded: 0)
System memory in use before: 161,4 MB.
System memory in use after: 161,3 MB.

Unloading 21 unused Assets to reduce memory usage. Loaded Objects now: 2574.
Total: 3,837002 ms (FindLiveObjects: 0,341245 ms CreateObjectMapping: 0,097894 ms MarkObjects: 3,214478 ms  DeleteObjects: 0,172541 ms)

AssetImportParameters requested are different than current active one (requested -> active):
  custom:video-decoder-ogg-theora: a1e56fd34408186e4bbccfd4996cb3dc -> 
  custom:container-muxer-webm: aa71ff27fc2769a1b78a27578f13a17b -> 
  custom:container-demuxer-webm: 4f35f7cbe854078d1ac9338744f61a02 -> 
  custom:container-demuxer-ogg: 62fdf1f143b41e24485cea50d1cbac27 -> 
  custom:video-encoder-webm-vp8: eb34c28f22e8b96e1ab97ce403110664 -> 
  custom:video-decoder-webm-vp8: 9c59270c3fd7afecdb556c50c9e8de78 -> 
  custom:graphics/normal-map-encoding: 01000000000000000000000000000000 -> 02000000000000000000000000000000
  custom:audio-decoder-ogg-vorbis: bf7c407c2cedff20999df2af8eb42d56 -> 
  custom:audio-encoder-webm-vorbis: bf7c407c2cedff20999df2af8eb42d56 -> 
========================================================================
Received Import Request.
  Time since last request: 35,445918 seconds.
  path: Assets/Scripts/Loot/DamageBuff.cs
  artifactKey: Guid(4305486fe1e124ed9825b62921ca2d29) Importer(815301076,1909f56bfc062723c751e8b465ee728b)
Start importing Assets/Scripts/Loot/DamageBuff.cs using Guid(4305486fe1e124ed9825b62921ca2d29) Importer(815301076,1909f56bfc062723c751e8b465ee728b)  -> (artifact id: '94bcd767a4b50e296e37ff202f2fb63e') in 0,004304 seconds 
  Import took 0,008897 seconds .

========================================================================
Received Import Request.
  Time since last request: 15,628478 seconds.
  path: Assets/Prefabs/Powerups/DamageUp.prefab
  artifactKey: Guid(7f733b3686915dce88edd517b7fe10c2) Importer(815301076,1909f56bfc062723c751e8b465ee728b)
Start importing Assets/Prefabs/Powerups/DamageUp.prefab using Guid(7f733b3686915dce88edd517b7fe10c2) Importer(815301076,1909f56bfc062723c751e8b465ee728b)  -> (artifact id: '8a1db4936ba0926e5e8401b72f7bdc1b') in 0,051959 seconds 
  Import took 0,057357 seconds .

========================================================================
Received Import Request.
  Time since last request: 0,004510 seconds.
  path: Assets/Prefabs/Powerups/DamageUp.prefab
  artifactKey: Guid(7f733b3686915dce88edd517b7fe10c2) Importer(815301076,1909f56bfc062723c751e8b465ee728b)
Start importing Assets/Prefabs/Powerups/DamageUp.prefab using Guid(7f733b3686915dce88edd517b7fe10c2) Importer(815301076,1909f56bfc062723c751e8b465ee728b)  -> (artifact id: '8a1db4936ba0926e5e8401b72f7bdc1b') in 0,006414 seconds 
  Import took 0,011235 seconds .

========================================================================
Received Import Request.
  Time since last request: 4,992409 seconds.
  path: Assets/Prefabs/Powerups/DamageDown.prefab
  artifactKey: Guid(229d10182b6fc77a19bcabf7dd5ae8f0) Importer(815301076,1909f56bfc062723c751e8b465ee728b)
Start importing Assets/Prefabs/Powerups/DamageDown.prefab using Guid(229d10182b6fc77a19bcabf7dd5ae8f0) Importer(815301076,1909f56bfc062723c751e8b465ee728b)  -> (artifact id: 'a0efaa1fe7d71763ad2afbc021ad4b8a') in 0,006349 seconds 
  Import took 0,011140 seconds .

========================================================================
Received Import Request.
  Time since last request: 11,154423 seconds.
  path: Assets/Prefabs/Powerups/DamageUp.prefab
  artifactKey: Guid(7f733b3686915dce88edd517b7fe10c2) Importer(815301076,1909f56bfc062723c751e8b465ee728b)
Start importing Assets/Prefabs/Powerups/DamageUp.prefab using Guid(7f733b3686915dce88edd517b7fe10c2) Importer(815301076,1909f56bfc062723c751e8b465ee728b)  -> (artifact id: 'b2c68f68c132e39cae77cc93b380bede') in 0,006913 seconds 
  Import took 0,011078 seconds .

========================================================================
Received Import Request.
  Time since last request: 8,313673 seconds.
  path: Assets/Prefabs/Powerups/DamageDown.prefab
  artifactKey: Guid(229d10182b6fc77a19bcabf7dd5ae8f0) Importer(815301076,1909f56bfc062723c751e8b465ee728b)
Start importing Assets/Prefabs/Powerups/DamageDown.prefab using Guid(229d10182b6fc77a19bcabf7dd5ae8f0) Importer(815301076,1909f56bfc062723c751e8b465ee728b)  -> (artifact id: '4e1bd39df0118c37ab6c5118ad7b0730') in 0,006340 seconds 
  Import took 0,011073 seconds .

========================================================================
Received Import Request.
  Time since last request: 0,027131 seconds.
  path: Assets/Prefabs/Powerups/DamageDown.prefab
  artifactKey: Guid(229d10182b6fc77a19bcabf7dd5ae8f0) Importer(815301076,1909f56bfc062723c751e8b465ee728b)
Start importing Assets/Prefabs/Powerups/DamageDown.prefab using Guid(229d10182b6fc77a19bcabf7dd5ae8f0) Importer(815301076,1909f56bfc062723c751e8b465ee728b)  -> (artifact id: '4e1bd39df0118c37ab6c5118ad7b0730') in 0,005547 seconds 
  Import took 0,014429 seconds .

========================================================================
Received Prepare
Registering precompiled user dll's ...
Registered in 0,003286 seconds.
Begin MonoManager ReloadAssembly
Native extension for LinuxStandalone target not found
Native extension for WebGL target not found
Refreshing native plugins compatible for Editor in 0,55 ms, found 1 plugins.
Preloading 0 native plugins for Editor in 0,00 ms.
Mono: successfully reloaded assembly
- Completed reload, in  1,138 seconds
Platform modules already initialized, skipping
Switching build target platform(24) subTarget(0) extendedPlatform(0) -> platform(13) subTarget(537395200) extendedPlatform(0)
Refreshing native plugins compatible for Editor in 0,51 ms, found 1 plugins.
Preloading 0 native plugins for Editor in 0,00 ms.
Unloading 2108 Unused Serialized files (Serialized files now loaded: 0)
System memory in use before: 161,4 MB.
System memory in use after: 161,4 MB.

Unloading 21 unused Assets to reduce memory usage. Loaded Objects now: 2579.
Total: 3,512032 ms (FindLiveObjects: 0,230830 ms CreateObjectMapping: 0,088471 ms MarkObjects: 3,034623 ms  DeleteObjects: 0,156830 ms)

AssetImportParameters requested are different than current active one (requested -> active):
  custom:video-decoder-ogg-theora: a1e56fd34408186e4bbccfd4996cb3dc -> 
  custom:container-muxer-webm: aa71ff27fc2769a1b78a27578f13a17b -> 
  custom:container-demuxer-webm: 4f35f7cbe854078d1ac9338744f61a02 -> 
  custom:container-demuxer-ogg: 62fdf1f143b41e24485cea50d1cbac27 -> 
  custom:video-encoder-webm-vp8: eb34c28f22e8b96e1ab97ce403110664 -> 
  custom:video-decoder-webm-vp8: 9c59270c3fd7afecdb556c50c9e8de78 -> 
  custom:graphics/normal-map-encoding: 01000000000000000000000000000000 -> 02000000000000000000000000000000
  custom:audio-decoder-ogg-vorbis: bf7c407c2cedff20999df2af8eb42d56 -> 
  custom:audio-encoder-webm-vorbis: bf7c407c2cedff20999df2af8eb42d56 -> 
========================================================================
Received Import Request.
  Time since last request: 52,194756 seconds.
  path: Assets/Scripts/ScriptableObjects/LootTables/MediumShipLoot.asset
  artifactKey: Guid(64c5ac40427960d15aea28c8499d3683) Importer(815301076,1909f56bfc062723c751e8b465ee728b)
Start importing Assets/Scripts/ScriptableObjects/LootTables/MediumShipLoot.asset using Guid(64c5ac40427960d15aea28c8499d3683) Importer(815301076,1909f56bfc062723c751e8b465ee728b)  -> (artifact id: '56354ef5f8d884e0d1be9962225ff118') in 0,015514 seconds 
  Import took 0,019737 seconds .

========================================================================
Received Prepare
Registering precompiled user dll's ...
Registered in 0,003284 seconds.
Begin MonoManager ReloadAssembly
Native extension for LinuxStandalone target not found
Native extension for WebGL target not found
Refreshing native plugins compatible for Editor in 0,50 ms, found 1 plugins.
Preloading 0 native plugins for Editor in 0,00 ms.
Mono: successfully reloaded assembly
- Completed reload, in  1,100 seconds
Platform modules already initialized, skipping
Switching build target platform(24) subTarget(0) extendedPlatform(0) -> platform(13) subTarget(537395200) extendedPlatform(0)
Refreshing native plugins compatible for Editor in 0,49 ms, found 1 plugins.
Preloading 0 native plugins for Editor in 0,00 ms.
Unloading 2108 Unused Serialized files (Serialized files now loaded: 0)
System memory in use before: 161,4 MB.
System memory in use after: 161,4 MB.

Unloading 21 unused Assets to reduce memory usage. Loaded Objects now: 2583.
Total: 4,025360 ms (FindLiveObjects: 0,252582 ms CreateObjectMapping: 0,111085 ms MarkObjects: 3,488293 ms  DeleteObjects: 0,172107 ms)

AssetImportParameters requested are different than current active one (requested -> active):
  custom:video-decoder-ogg-theora: a1e56fd34408186e4bbccfd4996cb3dc -> 
  custom:container-muxer-webm: aa71ff27fc2769a1b78a27578f13a17b -> 
  custom:container-demuxer-webm: 4f35f7cbe854078d1ac9338744f61a02 -> 
  custom:container-demuxer-ogg: 62fdf1f143b41e24485cea50d1cbac27 -> 
  custom:video-encoder-webm-vp8: eb34c28f22e8b96e1ab97ce403110664 -> 
  custom:video-decoder-webm-vp8: 9c59270c3fd7afecdb556c50c9e8de78 -> 
  custom:graphics/normal-map-encoding: 01000000000000000000000000000000 -> 02000000000000000000000000000000
  custom:audio-decoder-ogg-vorbis: bf7c407c2cedff20999df2af8eb42d56 -> 
  custom:audio-encoder-webm-vorbis: bf7c407c2cedff20999df2af8eb42d56 -> 
========================================================================
Received Prepare
Registering precompiled user dll's ...
Registered in 0,003328 seconds.
Begin MonoManager ReloadAssembly
Native extension for LinuxStandalone target not found
Native extension for WebGL target not found
Refreshing native plugins compatible for Editor in 0,55 ms, found 1 plugins.
Preloading 0 native plugins for Editor in 0,00 ms.
Mono: successfully reloaded assembly
- Completed reload, in  1,192 seconds
Platform modules already initialized, skipping
Switching build target platform(24) subTarget(0) extendedPlatform(0) -> platform(13) subTarget(537395200) extendedPlatform(0)
Refreshing native plugins compatible for Editor in 0,52 ms, found 1 plugins.
Preloading 0 native plugins for Editor in 0,00 ms.
Unloading 2108 Unused Serialized files (Serialized files now loaded: 0)
System memory in use before: 161,5 MB.
System memory in use after: 161,4 MB.

Unloading 21 unused Assets to reduce memory usage. Loaded Objects now: 2587.
Total: 3,769755 ms (FindLiveObjects: 0,251573 ms CreateObjectMapping: 0,079061 ms MarkObjects: 3,260150 ms  DeleteObjects: 0,177556 ms)

AssetImportParameters requested are different than current active one (requested -> active):
  custom:video-decoder-ogg-theora: a1e56fd34408186e4bbccfd4996cb3dc -> 
  custom:container-muxer-webm: aa71ff27fc2769a1b78a27578f13a17b -> 
  custom:container-demuxer-webm: 4f35f7cbe854078d1ac9338744f61a02 -> 
  custom:container-demuxer-ogg: 62fdf1f143b41e24485cea50d1cbac27 -> 
  custom:video-encoder-webm-vp8: eb34c28f22e8b96e1ab97ce403110664 -> 
  custom:video-decoder-webm-vp8: 9c59270c3fd7afecdb556c50c9e8de78 -> 
  custom:graphics/normal-map-encoding: 01000000000000000000000000000000 -> 02000000000000000000000000000000
  custom:audio-decoder-ogg-vorbis: bf7c407c2cedff20999df2af8eb42d56 -> 
  custom:audio-encoder-webm-vorbis: bf7c407c2cedff20999df2af8eb42d56 -> 
========================================================================
Received Import Request.
  Time since last request: 361,339858 seconds.
  path: Assets/Scripts/ScriptableObjects/LootTables/LargeShipLoot.asset
  artifactKey: Guid(0c64e5ff7c85d2896bf0b70f1cdfb925) Importer(815301076,1909f56bfc062723c751e8b465ee728b)
Start importing Assets/Scripts/ScriptableObjects/LootTables/LargeShipLoot.asset using Guid(0c64e5ff7c85d2896bf0b70f1cdfb925) Importer(815301076,1909f56bfc062723c751e8b465ee728b)  -> (artifact id: '2f054da094c5677acef4a0f62f02516c') in 0,014279 seconds 
  Import took 0,018679 seconds .

========================================================================
Received Import Request.
  Time since last request: 0,000203 seconds.
  path: Assets/Scripts/ScriptableObjects/LootTables/SmallShipLoot.asset
  artifactKey: Guid(c2b379f32c38a0d51970c54452e376f7) Importer(815301076,1909f56bfc062723c751e8b465ee728b)
Start importing Assets/Scripts/ScriptableObjects/LootTables/SmallShipLoot.asset using Guid(c2b379f32c38a0d51970c54452e376f7) Importer(815301076,1909f56bfc062723c751e8b465ee728b)  -> (artifact id: 'bb9f125f99d084e9b5f0097535a7ff5a') in 0,003145 seconds 
  Import took 0,006973 seconds .

